<?xml version="1.0" encoding="UTF-8"?>
<!-- Generated by org.testng.reporters.JUnitXMLReporter -->
<testsuite ignored="0" hostname="STPL-MANISH" failures="0" tests="4" name="Default test" time="6.012" errors="0" timestamp="2025-04-01T10:10:45 NPT">
  <testcase classname="api.products.ProductAPITest" name="testCreateProduct" time="3.329"/>
  <testcase classname="api.products.ProductAPITest" name="testDeleteProduct" time="0.726"/>
  <testcase classname="api.products.ProductAPITest" name="testGetAllProducts" time="0.514"/>
  <testcase classname="api.products.ProductAPITest" name="testUpdateProduct" time="0.691"/>
</testsuite> <!-- Default test -->
