<?xml version="1.0" encoding="UTF-8"?>
<testng-results ignored="0" total="5" passed="5" failed="0" skipped="0">
  <reporter-output>
  </reporter-output>
  <suite started-at="2025-04-01T17:35:34 NPT" name="Default suite" finished-at="2025-04-01T17:35:41 NPT" duration-ms="6846">
    <groups>
    </groups>
    <test started-at="2025-04-01T17:35:34 NPT" name="Default test" finished-at="2025-04-01T17:35:41 NPT" duration-ms="6846">
      <class name="api.users.UsersAPITest">
        <test-method is-config="true" signature="setup()[pri:0, instance:api.users.UsersAPITest@16d04d3d]" started-at="2025-04-01T17:35:34 NPT" name="setup" finished-at="2025-04-01T17:35:35 NPT" duration-ms="932" status="PASS">
          <reporter-output>
          </reporter-output>
        </test-method> <!-- setup -->
        <test-method signature="testCreateUser()[pri:0, instance:api.users.UsersAPITest@16d04d3d]" started-at="2025-04-01T17:35:35 NPT" name="testCreateUser" finished-at="2025-04-01T17:35:39 NPT" duration-ms="3905" status="PASS">
          <reporter-output>
          </reporter-output>
        </test-method> <!-- testCreateUser -->
        <test-method signature="testDeleteUser()[pri:0, instance:api.users.UsersAPITest@16d04d3d]" started-at="2025-04-01T17:35:39 NPT" name="testDeleteUser" finished-at="2025-04-01T17:35:39 NPT" duration-ms="384" status="PASS">
          <reporter-output>
          </reporter-output>
        </test-method> <!-- testDeleteUser -->
        <test-method signature="testGetAllUsers()[pri:0, instance:api.users.UsersAPITest@16d04d3d]" started-at="2025-04-01T17:35:39 NPT" name="testGetAllUsers" finished-at="2025-04-01T17:35:40 NPT" duration-ms="443" status="PASS">
          <reporter-output>
          </reporter-output>
        </test-method> <!-- testGetAllUsers -->
        <test-method signature="testGetSingleUser()[pri:0, instance:api.users.UsersAPITest@16d04d3d]" started-at="2025-04-01T17:35:40 NPT" name="testGetSingleUser" finished-at="2025-04-01T17:35:40 NPT" duration-ms="425" status="PASS">
          <reporter-output>
          </reporter-output>
        </test-method> <!-- testGetSingleUser -->
        <test-method signature="testUpdateUser()[pri:0, instance:api.users.UsersAPITest@16d04d3d]" started-at="2025-04-01T17:35:40 NPT" name="testUpdateUser" finished-at="2025-04-01T17:35:41 NPT" duration-ms="643" status="PASS">
          <reporter-output>
          </reporter-output>
        </test-method> <!-- testUpdateUser -->
      </class> <!-- api.users.UsersAPITest -->
    </test> <!-- Default test -->
  </suite> <!-- Default suite -->
</testng-results>
