<?xml version="1.0" encoding="UTF-8"?>
<testng-results ignored="0" total="4" passed="4" failed="0" skipped="0">
  <reporter-output>
  </reporter-output>
  <suite started-at="2025-04-01T10:10:39 NPT" name="Default suite" finished-at="2025-04-01T10:10:45 NPT" duration-ms="6012">
    <groups>
    </groups>
    <test started-at="2025-04-01T10:10:39 NPT" name="Default test" finished-at="2025-04-01T10:10:45 NPT" duration-ms="6012">
      <class name="api.products.ProductAPITest">
        <test-method is-config="true" signature="setup()[pri:0, instance:api.products.ProductAPITest@16d04d3d]" started-at="2025-04-01T10:10:39 NPT" name="setup" finished-at="2025-04-01T10:10:40 NPT" duration-ms="681" status="PASS">
          <reporter-output>
          </reporter-output>
        </test-method> <!-- setup -->
        <test-method signature="testCreateProduct()[pri:0, instance:api.products.ProductAPITest@16d04d3d]" started-at="2025-04-01T10:10:40 NPT" name="testCreateProduct" finished-at="2025-04-01T10:10:43 NPT" duration-ms="3329" status="PASS">
          <reporter-output>
          </reporter-output>
        </test-method> <!-- testCreateProduct -->
        <test-method signature="testDeleteProduct()[pri:0, instance:api.products.ProductAPITest@16d04d3d]" started-at="2025-04-01T10:10:43 NPT" name="testDeleteProduct" finished-at="2025-04-01T10:10:44 NPT" duration-ms="726" status="PASS">
          <reporter-output>
          </reporter-output>
        </test-method> <!-- testDeleteProduct -->
        <test-method signature="testGetAllProducts()[pri:0, instance:api.products.ProductAPITest@16d04d3d]" started-at="2025-04-01T10:10:44 NPT" name="testGetAllProducts" finished-at="2025-04-01T10:10:45 NPT" duration-ms="514" status="PASS">
          <reporter-output>
          </reporter-output>
        </test-method> <!-- testGetAllProducts -->
        <test-method signature="testUpdateProduct()[pri:0, instance:api.products.ProductAPITest@16d04d3d]" started-at="2025-04-01T10:10:45 NPT" name="testUpdateProduct" finished-at="2025-04-01T10:10:45 NPT" duration-ms="691" status="PASS">
          <reporter-output>
          </reporter-output>
        </test-method> <!-- testUpdateProduct -->
      </class> <!-- api.products.ProductAPITest -->
    </test> <!-- Default test -->
  </suite> <!-- Default suite -->
</testng-results>
